\BOOKMARK [1][-]{section.1}{Einleitung}{}% 1
\BOOKMARK [1][-]{section.2}{Laufzeit und Organisation}{}% 2
\BOOKMARK [1][-]{section.3}{Projektziel}{}% 3
\BOOKMARK [1][-]{section.4}{Mission}{}% 4
\BOOKMARK [1][-]{section.5}{Systementwurf}{}% 5
\BOOKMARK [2][-]{subsection.5.1}{Mechanik}{section.5}% 6
\BOOKMARK [3][-]{subsubsection.5.1.1}{Manipulator}{subsection.5.1}% 7
\BOOKMARK [2][-]{subsection.5.2}{Systementwurf Elektronik}{section.5}% 8
\BOOKMARK [3][-]{subsubsection.5.2.1}{Elektrische Leistung}{subsection.5.2}% 9
\BOOKMARK [3][-]{subsubsection.5.2.2}{Energiespeicher}{subsection.5.2}% 10
\BOOKMARK [2][-]{subsection.5.3}{Software}{section.5}% 11
\BOOKMARK [3][-]{subsubsection.5.3.1}{Grundstruktur}{subsection.5.3}% 12
\BOOKMARK [1][-]{section.6}{Fehlerverhalten}{}% 13
\BOOKMARK [1][-]{section.7}{Testl\344ufe}{}% 14
\BOOKMARK [1][-]{section.8}{Arbeitspakete und Zeitplanung}{}% 15
\BOOKMARK [2][-]{subsection.8.1}{Hardware}{section.8}% 16
\BOOKMARK [2][-]{subsection.8.2}{Software}{section.8}% 17
\BOOKMARK [2][-]{subsection.8.3}{Milestones}{section.8}% 18
\BOOKMARK [3][-]{subsubsection.8.3.1}{Hardware}{subsection.8.3}% 19
\BOOKMARK [3][-]{subsubsection.8.3.2}{Software}{subsection.8.3}% 20
\BOOKMARK [1][-]{section.9}{Risikomanagement}{}% 21
\BOOKMARK [2][-]{subsection.9.1}{M\366gliche Schwierigkeiten}{section.9}% 22
\BOOKMARK [3][-]{subsubsection.9.1.1}{Ausfall von \(bereits verbauten\) Systemkomponenten}{subsection.9.1}% 23
\BOOKMARK [3][-]{subsubsection.9.1.2}{Kinematik des Manipulators bei Stromausfall}{subsection.9.1}% 24
\BOOKMARK [3][-]{subsubsection.9.1.3}{Umgang mit Komplikationen}{subsection.9.1}% 25
\BOOKMARK [3][-]{subsubsection.9.1.4}{Monitor wird zum Single Point of Failure}{subsection.9.1}% 26
\BOOKMARK [3][-]{subsubsection.9.1.5}{CAN-Bus wird zum Single Point of Failure}{subsection.9.1}% 27
\BOOKMARK [1][-]{section.10}{Anhang}{}% 28
